* using log directory ‘/home/redsnic/git/CIMICE-R/CIMICE.Rcheck’
* using R version 3.6.1 (2019-07-05)
* using platform: x86_64-pc-linux-gnu (64-bit)
* using session charset: UTF-8
* using options ‘--no-manual --as-cran’
* checking for file ‘CIMICE/DESCRIPTION’ ... OK
* checking extension type ... Package
* this is package ‘CIMICE’ version ‘0.1.0’
* package encoding: UTF-8
* checking package namespace information ... OK
* checking package dependencies ... OK
* checking if this is a source package ... OK
* checking if there is a namespace ... OK
* checking for executable files ... OK
* checking for hidden files and directories ... OK
* checking for portable file names ... OK
* checking for sufficient/correct file permissions ... OK
* checking serialization versions ... OK
* checking whether package ‘CIMICE’ can be installed ... OK
* checking installed package size ... OK
* checking package directory ... OK
* checking for future file timestamps ... NOTE
unable to verify current time
* checking DESCRIPTION meta-information ... NOTE
Malformed Description field: should contain one or more complete sentences.
Non-standard license specification:
  No
Standardizable: FALSE
* checking top-level files ... NOTE
Non-standard file/directory found at top level:
  ‘CIMICE.R’
* checking for left-over files ... OK
* checking index information ... OK
* checking package subdirectories ... OK
* checking R files for non-ASCII characters ... OK
* checking R files for syntax errors ... OK
* checking whether the package can be loaded ... OK
* checking whether the package can be loaded with stated dependencies ... OK
* checking whether the package can be unloaded cleanly ... OK
* checking whether the namespace can be loaded with stated dependencies ... OK
* checking whether the namespace can be unloaded cleanly ... OK
* checking loading without being on the library search path ... OK
* checking dependencies in R code ... WARNING
'::' or ':::' import not declared from: ‘plyr’
* checking S3 generic/method consistency ... OK
* checking replacement functions ... OK
* checking foreign function calls ... OK
* checking R code for possible problems ... NOTE
compact.dataset.easy: no visible global function definition for ‘%>%’
computeDWNW: no visible global function definition for ‘E’
computeDWNW.aux: no visible binding for global variable ‘downWeights’
computeDWNW.aux: no visible global function definition for ‘as_ids’
computeDWNW.aux: no visible global function definition for ‘tail_of’
computeDWNW.aux: no visible global function definition for ‘head_of’
computeDWNW.aux: no visible global function definition for
  ‘get.edge.ids’
computeDWNW.aux: no visible binding for '<<-' assignment to
  ‘downWeights’
computeUPW: no visible global function definition for ‘E’
computeUPW.aux: no visible binding for global variable ‘upWeights’
computeUPW.aux: no visible global function definition for ‘as_ids’
computeUPW.aux: no visible global function definition for ‘tail_of’
computeUPW.aux: no visible global function definition for ‘head_of’
computeUPW.aux: no visible global function definition for
  ‘get.edge.ids’
computeUPW.aux: no visible binding for '<<-' assignment to ‘upWeights’
corrplot.from.df: no visible global function definition for ‘cor’
corrplot.from.df: no visible global function definition for
  ‘ggcorrplot’
corrplot.genes: no visible global function definition for ‘cor’
corrplot.genes: no visible global function definition for ‘ggcorrplot’
draw.ggraph: no visible global function definition for ‘V’
draw.ggraph: no visible global function definition for ‘V<-’
draw.ggraph: no visible global function definition for ‘ggraph’
draw.ggraph: no visible global function definition for
  ‘geom_node_point’
draw.ggraph: no visible global function definition for
  ‘geom_node_label’
draw.ggraph: no visible global function definition for ‘aes’
draw.ggraph: no visible global function definition for ‘geom_edge_link’
draw.ggraph: no visible global function definition for ‘label_rect’
draw.ggraph: no visible binding for global variable ‘node1.label’
draw.ggraph: no visible binding for global variable ‘node2.label’
draw.ggraph: no visible global function definition for ‘arrow’
draw.ggraph: no visible global function definition for ‘unit’
draw.networkD3: no visible global function definition for ‘V’
draw.networkD3: no visible global function definition for ‘V<-’
draw.networkD3: no visible global function definition for ‘E’
draw.networkD3: no visible global function definition for ‘E<-’
draw.networkD3: no visible global function definition for
  ‘igraph_to_networkD3’
draw.networkD3: no visible global function definition for
  ‘forceNetwork’
draw.visNetwork: no visible global function definition for ‘V’
draw.visNetwork: no visible global function definition for ‘V<-’
draw.visNetwork: no visible global function definition for ‘E’
draw.visNetwork: no visible global function definition for ‘E<-’
draw.visNetwork: no visible global function definition for
  ‘igraph_to_networkD3’
draw.visNetwork: no visible global function definition for ‘map2’
draw.visNetwork: no visible global function definition for
  ‘toVisNetworkData’
draw.visNetwork: no visible global function definition for ‘visNetwork’
gene.mutations.hist: no visible global function definition for ‘ggplot’
gene.mutations.hist: no visible global function definition for ‘aes’
gene.mutations.hist: no visible binding for global variable ‘sums’
gene.mutations.hist: no visible global function definition for
  ‘geom_histogram’
gene.mutations.hist: no visible global function definition for ‘labs’
gene.mutations.hist: no visible global function definition for ‘glue’
get.no.of.children: no visible global function definition for ‘V’
make.dataset: no visible global function definition for ‘enexprs’
normalizeDWNW: no visible global function definition for ‘E’
normalizeDWNW: no visible global function definition for ‘V’
normalizeDWNW: no visible global function definition for ‘get.edge.ids’
normalizeUPW: no visible global function definition for ‘E’
normalizeUPW: no visible global function definition for ‘V’
normalizeUPW: no visible global function definition for ‘get.edge.ids’
read: no visible global function definition for ‘read.csv’
read: no visible global function definition for ‘%>%’
read: no visible global function definition for ‘select’
read: no visible binding for global variable ‘Samples’
read.CAPRI: no visible global function definition for ‘read.csv’
read.CAPRI: no visible global function definition for ‘%>%’
read.CAPRI: no visible global function definition for ‘select’
read.CAPRI: no visible binding for global variable ‘Samples’
read.CAPRI.string: no visible global function definition for ‘read.csv’
read.CAPRI.string: no visible global function definition for ‘%>%’
read.CAPRI.string: no visible global function definition for ‘select’
read.CAPRI.string: no visible binding for global variable ‘Samples’
sample.mutations.hist: no visible global function definition for
  ‘ggplot’
sample.mutations.hist: no visible global function definition for ‘aes’
sample.mutations.hist: no visible binding for global variable ‘sums’
sample.mutations.hist: no visible global function definition for
  ‘geom_histogram’
sample.mutations.hist: no visible global function definition for ‘labs’
sample.mutations.hist: no visible global function definition for ‘glue’
select.genes.on.mutations: no visible global function definition for
  ‘%>%’
select.genes.on.mutations: no visible global function definition for
  ‘select’
select.genes.on.mutations: no visible binding for global variable
  ‘sums’
select.genes.on.mutations: no visible global function definition for
  ‘select_if’
select.genes.on.mutations: no visible global function definition for
  ‘drop_na’
select.samples.on.mutations: no visible global function definition for
  ‘%>%’
select.samples.on.mutations: no visible global function definition for
  ‘select’
select.samples.on.mutations: no visible binding for global variable
  ‘sums’
select.samples.on.mutations: no visible global function definition for
  ‘select_if’
select.samples.on.mutations: no visible global function definition for
  ‘drop_na’
update.df: no visible global function definition for ‘enexprs’
Undefined global functions or variables:
  %>% E E<- Samples V V<- aes arrow as_ids cor downWeights drop_na
  enexprs forceNetwork geom_edge_link geom_histogram geom_node_label
  geom_node_point get.edge.ids ggcorrplot ggplot ggraph glue head_of
  igraph_to_networkD3 label_rect labs map2 node1.label node2.label
  read.csv select select_if sums tail_of toVisNetworkData unit
  upWeights visNetwork
Consider adding
  importFrom("stats", "cor")
  importFrom("utils", "read.csv")
to your NAMESPACE file.
* checking Rd files ... OK
* checking Rd metadata ... OK
* checking Rd line widths ... OK
* checking Rd cross-references ... OK
* checking for missing documentation entries ... OK
* checking for code/documentation mismatches ... OK
* checking Rd \usage sections ... OK
* checking Rd contents ... OK
* checking for unstated dependencies in examples ... WARNING
Warning: parse error in file 'lines':
'\g' is an unrecognized escape in character string starting ""
s\g"
* checking examples ... ERROR
Running examples in ‘CIMICE-Ex.R’ failed
The error most likely occurred in:

> base::assign(".ptime", proc.time(), pos = "CheckExEnv")
> ### Name: read.CAPRI.string
> ### Title: Read a "CAPRI" formatted file, from a text string
> ### Aliases: read.CAPRI.string
> 
> ### ** Examples
> 
> read.CAPRI.string("
+ s\g A B C D
Error: '\g' is an unrecognized escape in character string starting ""
s\g"
Execution halted
* DONE
Status: 1 ERROR, 2 WARNINGs, 4 NOTEs
